<?xml version="1.0" encoding="UTF-8"?>
<!-- Generated by org.testng.reporters.JUnitXMLReporter -->
<testsuite ignored="0" hostname="Lucky" failures="0" tests="4" name="Book Tests" time="0.254" errors="0" timestamp="2025-09-08T14:27:17 IST">
  <testcase classname="tests.BookTests" name="testAddBook" time="0.045"/>
  <testcase classname="tests.BookTests" name="testDeleteBook" time="0.059"/>
  <testcase classname="tests.BookTests" name="testGetBooks" time="0.043"/>
  <testcase classname="tests.BookTests" name="testUpdateBook" time="0.094"/>
</testsuite> <!-- Book Tests -->
