<?xml version="1.0" encoding="UTF-8"?>
<!-- Generated by org.testng.reporters.JUnitXMLReporter -->
<testsuite ignored="0" hostname="Lucky" failures="0" tests="4" name="Book Tests" time="0.256" errors="0" timestamp="2025-09-06T23:50:44 IST">
  <testcase classname="tests.BookTests" name="testAddBook" time="0.046"/>
  <testcase classname="tests.BookTests" name="testDeleteBook" time="0.051"/>
  <testcase classname="tests.BookTests" name="testGetBooks" time="0.037"/>
  <testcase classname="tests.BookTests" name="testUpdateBook" time="0.109"/>
</testsuite> <!-- Book Tests -->
