<?xml version="1.0" encoding="UTF-8"?>
<!-- Generated by org.testng.reporters.JUnitXMLReporter -->
<testsuite ignored="0" hostname="Lucky" failures="0" tests="4" name="Borrow Tests" time="0.33" errors="0" timestamp="2025-09-06T23:50:44 IST">
  <testcase classname="tests.BorrowTests" name="testBorrowBook" time="0.056"/>
  <testcase classname="tests.BorrowTests" name="testDeleteBorrow" time="0.102"/>
  <testcase classname="tests.BorrowTests" name="testGetBorrowedBooks" time="0.051"/>
  <testcase classname="tests.BorrowTests" name="testUpdateBorrow" time="0.103"/>
</testsuite> <!-- Borrow Tests -->
