<?xml version="1.0" encoding="UTF-8"?>
<!-- Generated by org.testng.reporters.JUnitXMLReporter -->
<testsuite ignored="0" hostname="Lucky" failures="0" tests="4" name="Borrow Tests" time="0.206" errors="0" timestamp="2025-09-08T14:27:17 IST">
  <testcase classname="tests.BorrowTests" name="testBorrowBook" time="0.04"/>
  <testcase classname="tests.BorrowTests" name="testDeleteBorrow" time="0.061"/>
  <testcase classname="tests.BorrowTests" name="testGetBorrowedBooks" time="0.03"/>
  <testcase classname="tests.BorrowTests" name="testUpdateBorrow" time="0.063"/>
</testsuite> <!-- Borrow Tests -->
