<?xml version="1.0" encoding="UTF-8"?>
<!-- Generated by org.testng.reporters.JUnitXMLReporter -->
<testsuite ignored="0" hostname="Lucky" failures="0" tests="4" name="User Tests" time="2.744" errors="0" timestamp="2025-09-06T23:50:44 IST">
  <testcase classname="tests.UserTests" name="testCreateUser" time="1.966"/>
  <testcase classname="tests.UserTests" name="testDeleteUser" time="0.127"/>
  <testcase classname="tests.UserTests" name="testGetUsers" time="0.115"/>
  <testcase classname="tests.UserTests" name="testUpdateUser" time="0.151"/>
</testsuite> <!-- User Tests -->
